<?xml version="1.0" encoding="UTF-8" ?>
<testsuite tests="4" failures="0" name="com.bjpowernode.test.Test01" time="2.598" errors="0" skipped="0">
  <properties>
[...]
</properties>
  <testcase classname="com.bjpowernode.test.Test01" name="selectDicType" time="2.584"/>
  <testcase classname="com.bjpowernode.test.Test01" name="expireTimeTest" time="0.009"/>
  <testcase classname="com.bjpowernode.test.Test01" name="allowIpTest" time="0"/>
  <testcase classname="com.bjpowernode.test.Test01" name="MD5PWDTest" time="0.005"/>
</testsuite>